<?xml version="1.0" encoding="UTF-8"?>
<testsuite xmlns:xsi="http://www.w3.org/2001/XMLSchema-instance" xsi:noNamespaceSchemaLocation="https://maven.apache.org/surefire/maven-surefire-plugin/xsd/surefire-test-report.xsd" name="com.example.demo.DemoApplicationTests" time="6.881" tests="1" errors="0" skipped="0" failures="0">
  <properties>
    <property name="java.specification.version" value="17"/>
    <property name="sun.jnu.encoding" value="UTF-8"/>
    <property name="java.class.path" value="/Users/rodrigo/Documents/Mestrado/TesteSoftware/Pratica_teste_funcional/TesteFuncional/target/test-classes:/Users/rodrigo/Documents/Mestrado/TesteSoftware/Pratica_teste_funcional/TesteFuncional/target/classes:/Users/rodrigo/.m2/repository/org/springframework/boot/spring-boot-starter/3.0.0-SNAPSHOT/spring-boot-starter-3.0.0-SNAPSHOT.jar:/Users/rodrigo/.m2/repository/org/springframework/boot/spring-boot/3.0.0-SNAPSHOT/spring-boot-3.0.0-SNAPSHOT.jar:/Users/rodrigo/.m2/repository/org/springframework/spring-context/6.0.0-M6/spring-context-6.0.0-M6.jar:/Users/rodrigo/.m2/repository/org/springframework/spring-aop/6.0.0-M6/spring-aop-6.0.0-M6.jar:/Users/rodrigo/.m2/repository/org/springframework/spring-beans/6.0.0-M6/spring-beans-6.0.0-M6.jar:/Users/rodrigo/.m2/repository/org/springframework/spring-expression/6.0.0-M6/spring-expression-6.0.0-M6.jar:/Users/rodrigo/.m2/repository/org/springframework/boot/spring-boot-autoconfigure/3.0.0-SNAPSHOT/spring-boot-autoconfigure-3.0.0-SNAPSHOT.jar:/Users/rodrigo/.m2/repository/org/springframework/boot/spring-boot-starter-logging/3.0.0-SNAPSHOT/spring-boot-starter-logging-3.0.0-SNAPSHOT.jar:/Users/rodrigo/.m2/repository/ch/qos/logback/logback-classic/1.2.11/logback-classic-1.2.11.jar:/Users/rodrigo/.m2/repository/ch/qos/logback/logback-core/1.2.11/logback-core-1.2.11.jar:/Users/rodrigo/.m2/repository/org/apache/logging/log4j/log4j-to-slf4j/2.18.0/log4j-to-slf4j-2.18.0.jar:/Users/rodrigo/.m2/repository/org/apache/logging/log4j/log4j-api/2.18.0/log4j-api-2.18.0.jar:/Users/rodrigo/.m2/repository/org/slf4j/jul-to-slf4j/1.7.36/jul-to-slf4j-1.7.36.jar:/Users/rodrigo/.m2/repository/jakarta/annotation/jakarta.annotation-api/2.0.0/jakarta.annotation-api-2.0.0.jar:/Users/rodrigo/.m2/repository/org/springframework/spring-core/6.0.0-M6/spring-core-6.0.0-M6.jar:/Users/rodrigo/.m2/repository/org/springframework/spring-jcl/6.0.0-M6/spring-jcl-6.0.0-M6.jar:/Users/rodrigo/.m2/repository/org/yaml/snakeyaml/1.32/snakeyaml-1.32.jar:/Users/rodrigo/.m2/repository/org/springframework/boot/spring-boot-starter-test/3.0.0-SNAPSHOT/spring-boot-starter-test-3.0.0-SNAPSHOT.jar:/Users/rodrigo/.m2/repository/org/springframework/boot/spring-boot-test/3.0.0-SNAPSHOT/spring-boot-test-3.0.0-SNAPSHOT.jar:/Users/rodrigo/.m2/repository/org/springframework/boot/spring-boot-test-autoconfigure/3.0.0-SNAPSHOT/spring-boot-test-autoconfigure-3.0.0-SNAPSHOT.jar:/Users/rodrigo/.m2/repository/com/jayway/jsonpath/json-path/2.7.0/json-path-2.7.0.jar:/Users/rodrigo/.m2/repository/net/minidev/json-smart/2.4.8/json-smart-2.4.8.jar:/Users/rodrigo/.m2/repository/net/minidev/accessors-smart/2.4.8/accessors-smart-2.4.8.jar:/Users/rodrigo/.m2/repository/org/ow2/asm/asm/9.1/asm-9.1.jar:/Users/rodrigo/.m2/repository/org/slf4j/slf4j-api/1.7.36/slf4j-api-1.7.36.jar:/Users/rodrigo/.m2/repository/jakarta/xml/bind/jakarta.xml.bind-api/3.0.1/jakarta.xml.bind-api-3.0.1.jar:/Users/rodrigo/.m2/repository/com/sun/activation/jakarta.activation/2.0.1/jakarta.activation-2.0.1.jar:/Users/rodrigo/.m2/repository/org/assertj/assertj-core/3.23.1/assertj-core-3.23.1.jar:/Users/rodrigo/.m2/repository/net/bytebuddy/byte-buddy/1.12.17/byte-buddy-1.12.17.jar:/Users/rodrigo/.m2/repository/org/hamcrest/hamcrest/2.2/hamcrest-2.2.jar:/Users/rodrigo/.m2/repository/org/junit/jupiter/junit-jupiter/5.9.1/junit-jupiter-5.9.1.jar:/Users/rodrigo/.m2/repository/org/junit/jupiter/junit-jupiter-params/5.9.1/junit-jupiter-params-5.9.1.jar:/Users/rodrigo/.m2/repository/org/junit/jupiter/junit-jupiter-engine/5.9.1/junit-jupiter-engine-5.9.1.jar:/Users/rodrigo/.m2/repository/org/junit/platform/junit-platform-engine/1.9.1/junit-platform-engine-1.9.1.jar:/Users/rodrigo/.m2/repository/org/mockito/mockito-core/4.8.0/mockito-core-4.8.0.jar:/Users/rodrigo/.m2/repository/net/bytebuddy/byte-buddy-agent/1.12.17/byte-buddy-agent-1.12.17.jar:/Users/rodrigo/.m2/repository/org/objenesis/objenesis/3.2/objenesis-3.2.jar:/Users/rodrigo/.m2/repository/org/mockito/mockito-junit-jupiter/4.8.0/mockito-junit-jupiter-4.8.0.jar:/Users/rodrigo/.m2/repository/org/skyscreamer/jsonassert/1.5.1/jsonassert-1.5.1.jar:/Users/rodrigo/.m2/repository/com/vaadin/external/google/android-json/0.0.20131108.vaadin1/android-json-0.0.20131108.vaadin1.jar:/Users/rodrigo/.m2/repository/org/springframework/spring-test/6.0.0-M6/spring-test-6.0.0-M6.jar:/Users/rodrigo/.m2/repository/org/xmlunit/xmlunit-core/2.9.0/xmlunit-core-2.9.0.jar:/Users/rodrigo/.m2/repository/org/testcontainers/junit-jupiter/1.17.3/junit-jupiter-1.17.3.jar:/Users/rodrigo/.m2/repository/org/testcontainers/testcontainers/1.17.3/testcontainers-1.17.3.jar:/Users/rodrigo/.m2/repository/junit/junit/4.13.2/junit-4.13.2.jar:/Users/rodrigo/.m2/repository/org/hamcrest/hamcrest-core/2.2/hamcrest-core-2.2.jar:/Users/rodrigo/.m2/repository/org/apache/commons/commons-compress/1.21/commons-compress-1.21.jar:/Users/rodrigo/.m2/repository/org/rnorth/duct-tape/duct-tape/1.0.8/duct-tape-1.0.8.jar:/Users/rodrigo/.m2/repository/org/jetbrains/annotations/17.0.0/annotations-17.0.0.jar:/Users/rodrigo/.m2/repository/com/github/docker-java/docker-java-api/3.2.13/docker-java-api-3.2.13.jar:/Users/rodrigo/.m2/repository/com/fasterxml/jackson/core/jackson-annotations/2.13.4/jackson-annotations-2.13.4.jar:/Users/rodrigo/.m2/repository/com/github/docker-java/docker-java-transport-zerodep/3.2.13/docker-java-transport-zerodep-3.2.13.jar:/Users/rodrigo/.m2/repository/com/github/docker-java/docker-java-transport/3.2.13/docker-java-transport-3.2.13.jar:/Users/rodrigo/.m2/repository/net/java/dev/jna/jna/5.8.0/jna-5.8.0.jar:/Users/rodrigo/.m2/repository/org/junit/jupiter/junit-jupiter-api/5.9.1/junit-jupiter-api-5.9.1.jar:/Users/rodrigo/.m2/repository/org/opentest4j/opentest4j/1.2.0/opentest4j-1.2.0.jar:/Users/rodrigo/.m2/repository/org/junit/platform/junit-platform-commons/1.9.1/junit-platform-commons-1.9.1.jar:/Users/rodrigo/.m2/repository/org/apiguardian/apiguardian-api/1.1.2/apiguardian-api-1.1.2.jar:"/>
    <property name="java.vm.vendor" value="Oracle Corporation"/>
    <property name="sun.arch.data.model" value="64"/>
    <property name="java.vendor.url" value="https://java.oracle.com/"/>
    <property name="os.name" value="Mac OS X"/>
    <property name="java.vm.specification.version" value="17"/>
    <property name="sun.java.launcher" value="SUN_STANDARD"/>
    <property name="user.country" value="BR"/>
    <property name="sun.boot.library.path" value="/Library/Java/JavaVirtualMachines/jdk-17.0.2.jdk/Contents/Home/lib"/>
    <property name="sun.java.command" value="/Users/rodrigo/Documents/Mestrado/TesteSoftware/Pratica_teste_funcional/TesteFuncional/target/surefire/surefirebooter6618695568157583255.jar /Users/rodrigo/Documents/Mestrado/TesteSoftware/Pratica_teste_funcional/TesteFuncional/target/surefire 2022-09-25T14-50-16_385-jvmRun1 surefire18438017893742449223tmp surefire_014395521109896032048tmp"/>
    <property name="http.nonProxyHosts" value="local|*.local|169.254/16|*.169.254/16"/>
    <property name="jdk.debug" value="release"/>
    <property name="surefire.test.class.path" value="/Users/rodrigo/Documents/Mestrado/TesteSoftware/Pratica_teste_funcional/TesteFuncional/target/test-classes:/Users/rodrigo/Documents/Mestrado/TesteSoftware/Pratica_teste_funcional/TesteFuncional/target/classes:/Users/rodrigo/.m2/repository/org/springframework/boot/spring-boot-starter/3.0.0-SNAPSHOT/spring-boot-starter-3.0.0-SNAPSHOT.jar:/Users/rodrigo/.m2/repository/org/springframework/boot/spring-boot/3.0.0-SNAPSHOT/spring-boot-3.0.0-SNAPSHOT.jar:/Users/rodrigo/.m2/repository/org/springframework/spring-context/6.0.0-M6/spring-context-6.0.0-M6.jar:/Users/rodrigo/.m2/repository/org/springframework/spring-aop/6.0.0-M6/spring-aop-6.0.0-M6.jar:/Users/rodrigo/.m2/repository/org/springframework/spring-beans/6.0.0-M6/spring-beans-6.0.0-M6.jar:/Users/rodrigo/.m2/repository/org/springframework/spring-expression/6.0.0-M6/spring-expression-6.0.0-M6.jar:/Users/rodrigo/.m2/repository/org/springframework/boot/spring-boot-autoconfigure/3.0.0-SNAPSHOT/spring-boot-autoconfigure-3.0.0-SNAPSHOT.jar:/Users/rodrigo/.m2/repository/org/springframework/boot/spring-boot-starter-logging/3.0.0-SNAPSHOT/spring-boot-starter-logging-3.0.0-SNAPSHOT.jar:/Users/rodrigo/.m2/repository/ch/qos/logback/logback-classic/1.2.11/logback-classic-1.2.11.jar:/Users/rodrigo/.m2/repository/ch/qos/logback/logback-core/1.2.11/logback-core-1.2.11.jar:/Users/rodrigo/.m2/repository/org/apache/logging/log4j/log4j-to-slf4j/2.18.0/log4j-to-slf4j-2.18.0.jar:/Users/rodrigo/.m2/repository/org/apache/logging/log4j/log4j-api/2.18.0/log4j-api-2.18.0.jar:/Users/rodrigo/.m2/repository/org/slf4j/jul-to-slf4j/1.7.36/jul-to-slf4j-1.7.36.jar:/Users/rodrigo/.m2/repository/jakarta/annotation/jakarta.annotation-api/2.0.0/jakarta.annotation-api-2.0.0.jar:/Users/rodrigo/.m2/repository/org/springframework/spring-core/6.0.0-M6/spring-core-6.0.0-M6.jar:/Users/rodrigo/.m2/repository/org/springframework/spring-jcl/6.0.0-M6/spring-jcl-6.0.0-M6.jar:/Users/rodrigo/.m2/repository/org/yaml/snakeyaml/1.32/snakeyaml-1.32.jar:/Users/rodrigo/.m2/repository/org/springframework/boot/spring-boot-starter-test/3.0.0-SNAPSHOT/spring-boot-starter-test-3.0.0-SNAPSHOT.jar:/Users/rodrigo/.m2/repository/org/springframework/boot/spring-boot-test/3.0.0-SNAPSHOT/spring-boot-test-3.0.0-SNAPSHOT.jar:/Users/rodrigo/.m2/repository/org/springframework/boot/spring-boot-test-autoconfigure/3.0.0-SNAPSHOT/spring-boot-test-autoconfigure-3.0.0-SNAPSHOT.jar:/Users/rodrigo/.m2/repository/com/jayway/jsonpath/json-path/2.7.0/json-path-2.7.0.jar:/Users/rodrigo/.m2/repository/net/minidev/json-smart/2.4.8/json-smart-2.4.8.jar:/Users/rodrigo/.m2/repository/net/minidev/accessors-smart/2.4.8/accessors-smart-2.4.8.jar:/Users/rodrigo/.m2/repository/org/ow2/asm/asm/9.1/asm-9.1.jar:/Users/rodrigo/.m2/repository/org/slf4j/slf4j-api/1.7.36/slf4j-api-1.7.36.jar:/Users/rodrigo/.m2/repository/jakarta/xml/bind/jakarta.xml.bind-api/3.0.1/jakarta.xml.bind-api-3.0.1.jar:/Users/rodrigo/.m2/repository/com/sun/activation/jakarta.activation/2.0.1/jakarta.activation-2.0.1.jar:/Users/rodrigo/.m2/repository/org/assertj/assertj-core/3.23.1/assertj-core-3.23.1.jar:/Users/rodrigo/.m2/repository/net/bytebuddy/byte-buddy/1.12.17/byte-buddy-1.12.17.jar:/Users/rodrigo/.m2/repository/org/hamcrest/hamcrest/2.2/hamcrest-2.2.jar:/Users/rodrigo/.m2/repository/org/junit/jupiter/junit-jupiter/5.9.1/junit-jupiter-5.9.1.jar:/Users/rodrigo/.m2/repository/org/junit/jupiter/junit-jupiter-params/5.9.1/junit-jupiter-params-5.9.1.jar:/Users/rodrigo/.m2/repository/org/junit/jupiter/junit-jupiter-engine/5.9.1/junit-jupiter-engine-5.9.1.jar:/Users/rodrigo/.m2/repository/org/junit/platform/junit-platform-engine/1.9.1/junit-platform-engine-1.9.1.jar:/Users/rodrigo/.m2/repository/org/mockito/mockito-core/4.8.0/mockito-core-4.8.0.jar:/Users/rodrigo/.m2/repository/net/bytebuddy/byte-buddy-agent/1.12.17/byte-buddy-agent-1.12.17.jar:/Users/rodrigo/.m2/repository/org/objenesis/objenesis/3.2/objenesis-3.2.jar:/Users/rodrigo/.m2/repository/org/mockito/mockito-junit-jupiter/4.8.0/mockito-junit-jupiter-4.8.0.jar:/Users/rodrigo/.m2/repository/org/skyscreamer/jsonassert/1.5.1/jsonassert-1.5.1.jar:/Users/rodrigo/.m2/repository/com/vaadin/external/google/android-json/0.0.20131108.vaadin1/android-json-0.0.20131108.vaadin1.jar:/Users/rodrigo/.m2/repository/org/springframework/spring-test/6.0.0-M6/spring-test-6.0.0-M6.jar:/Users/rodrigo/.m2/repository/org/xmlunit/xmlunit-core/2.9.0/xmlunit-core-2.9.0.jar:/Users/rodrigo/.m2/repository/org/testcontainers/junit-jupiter/1.17.3/junit-jupiter-1.17.3.jar:/Users/rodrigo/.m2/repository/org/testcontainers/testcontainers/1.17.3/testcontainers-1.17.3.jar:/Users/rodrigo/.m2/repository/junit/junit/4.13.2/junit-4.13.2.jar:/Users/rodrigo/.m2/repository/org/hamcrest/hamcrest-core/2.2/hamcrest-core-2.2.jar:/Users/rodrigo/.m2/repository/org/apache/commons/commons-compress/1.21/commons-compress-1.21.jar:/Users/rodrigo/.m2/repository/org/rnorth/duct-tape/duct-tape/1.0.8/duct-tape-1.0.8.jar:/Users/rodrigo/.m2/repository/org/jetbrains/annotations/17.0.0/annotations-17.0.0.jar:/Users/rodrigo/.m2/repository/com/github/docker-java/docker-java-api/3.2.13/docker-java-api-3.2.13.jar:/Users/rodrigo/.m2/repository/com/fasterxml/jackson/core/jackson-annotations/2.13.4/jackson-annotations-2.13.4.jar:/Users/rodrigo/.m2/repository/com/github/docker-java/docker-java-transport-zerodep/3.2.13/docker-java-transport-zerodep-3.2.13.jar:/Users/rodrigo/.m2/repository/com/github/docker-java/docker-java-transport/3.2.13/docker-java-transport-3.2.13.jar:/Users/rodrigo/.m2/repository/net/java/dev/jna/jna/5.8.0/jna-5.8.0.jar:/Users/rodrigo/.m2/repository/org/junit/jupiter/junit-jupiter-api/5.9.1/junit-jupiter-api-5.9.1.jar:/Users/rodrigo/.m2/repository/org/opentest4j/opentest4j/1.2.0/opentest4j-1.2.0.jar:/Users/rodrigo/.m2/repository/org/junit/platform/junit-platform-commons/1.9.1/junit-platform-commons-1.9.1.jar:/Users/rodrigo/.m2/repository/org/apiguardian/apiguardian-api/1.1.2/apiguardian-api-1.1.2.jar:"/>
    <property name="sun.cpu.endian" value="little"/>
    <property name="user.home" value="/Users/rodrigo"/>
    <property name="user.language" value="en"/>
    <property name="java.specification.vendor" value="Oracle Corporation"/>
    <property name="java.version.date" value="2022-01-18"/>
    <property name="java.home" value="/Library/Java/JavaVirtualMachines/jdk-17.0.2.jdk/Contents/Home"/>
    <property name="file.separator" value="/"/>
    <property name="basedir" value="/Users/rodrigo/Documents/Mestrado/TesteSoftware/Pratica_teste_funcional/TesteFuncional"/>
    <property name="java.vm.compressedOopsMode" value="Zero based"/>
    <property name="line.separator" value="&#10;"/>
    <property name="java.specification.name" value="Java Platform API Specification"/>
    <property name="java.vm.specification.vendor" value="Oracle Corporation"/>
    <property name="surefire.real.class.path" value="/Users/rodrigo/Documents/Mestrado/TesteSoftware/Pratica_teste_funcional/TesteFuncional/target/surefire/surefirebooter6618695568157583255.jar"/>
    <property name="sun.management.compiler" value="HotSpot 64-Bit Tiered Compilers"/>
    <property name="ftp.nonProxyHosts" value="local|*.local|169.254/16|*.169.254/16"/>
    <property name="java.runtime.version" value="17.0.2+8-86"/>
    <property name="user.name" value="rodrigo"/>
    <property name="path.separator" value=":"/>
    <property name="os.version" value="13.0"/>
    <property name="java.runtime.name" value="OpenJDK Runtime Environment"/>
    <property name="file.encoding" value="UTF-8"/>
    <property name="java.vm.name" value="OpenJDK 64-Bit Server VM"/>
    <property name="localRepository" value="/Users/rodrigo/.m2/repository"/>
    <property name="java.vendor.url.bug" value="https://bugreport.java.com/bugreport/"/>
    <property name="java.io.tmpdir" value="/var/folders/ds/wqlr3t6d5wz91wb61jd4lpc40000gn/T/"/>
    <property name="java.version" value="17.0.2"/>
    <property name="user.dir" value="/Users/rodrigo/Documents/Mestrado/TesteSoftware/Pratica_teste_funcional/TesteFuncional"/>
    <property name="os.arch" value="x86_64"/>
    <property name="java.vm.specification.name" value="Java Virtual Machine Specification"/>
    <property name="native.encoding" value="UTF-8"/>
    <property name="java.library.path" value="/Users/rodrigo/Library/Java/Extensions:/Library/Java/Extensions:/Network/Library/Java/Extensions:/System/Library/Java/Extensions:/usr/lib/java:."/>
    <property name="java.vm.info" value="mixed mode, sharing"/>
    <property name="java.vendor" value="Oracle Corporation"/>
    <property name="java.vm.version" value="17.0.2+8-86"/>
    <property name="sun.io.unicode.encoding" value="UnicodeBig"/>
    <property name="socksNonProxyHosts" value="local|*.local|169.254/16|*.169.254/16"/>
    <property name="java.class.version" value="61.0"/>
  </properties>
  <testcase name="contextLoads" classname="com.example.demo.DemoApplicationTests" time="1.193"/>
</testsuite>